[2025-03-22T18:28:34.736] [DEBUG] debug-file - java daemon tryConnect failed Error: connect ECONNREFUSED 127.0.0.1:45050
[2025-03-22T18:28:34.737] [DEBUG] debug-file - java daemon started at port 45050 pid 39024
[2025-03-22T18:28:34.274] [DEBUG] debug-file - env: nodejsVersion=v18.20.1
[2025-03-22T18:28:34.303] [DEBUG] debug-file - env: daemon=true
[2025-03-22T18:28:34.277] [DEBUG] debug-file - env: hvigor-config.json5 content = {
  modelVersion: '5.0.0',
  dependencies: {},
  execution: {},
  logging: {},
  debugging: {},
  nodeOptions: {}
}
[2025-03-22T18:28:34.878] [DEBUG] debug-file - session manager: set active socket. socketId=6n8gf81ckUsuGJkkAAAB
[2025-03-22T18:28:35.311] [DEBUG] debug-file - watch worker: worker id should be larger than 0. Nothing will be sent to any worker thread.
[2025-03-22T18:28:35.326] [DEBUG] debug-file - Hvigor init with startParameters:{
  hvigorfileTypeCheck: false,
  parallelExecution: true,
  incrementalExecution: true,
  printStackTrace: false,
  daemon: true,
  analyze: 0,
  logLevel: Level { level: 20000, levelStr: 'INFO', colour: 'green' }
}
[2025-03-22T18:28:35.327] [DEBUG] debug-file - Since current hvigor version 5.15.3 differs from last hvigor version 
      undefined, delete file-cache.json and task-cache.json.
[2025-03-22T18:28:35.328] [DEBUG] debug-file - Cache service initialization finished in 2 ms 
[2025-03-22T18:28:35.337] [DEBUG] debug-file - hvigorfile, resolving /Users/jiangweidong/Desktop/HarmonyOS/study-code/HarmonyOS/quickStudy/hvigorfile.ts
[2025-03-22T18:28:36.847] [DEBUG] debug-file - hvigorfile, require result:  { default: { plugins: [] } }
[2025-03-22T18:28:36.848] [DEBUG] debug-file - hvigorfile, binding system plugins null
[2025-03-22T18:28:37.031] [DEBUG] debug-file - Start initialize project's product build option map with build mode debug.
[2025-03-22T18:28:37.031] [DEBUG] debug-file - Picking option from product 'default' with build mode 'debug'.
[2025-03-22T18:28:37.032] [DEBUG] debug-file - Product 'default' build option: {}
[2025-03-22T18:28:37.032] [DEBUG] debug-file - End initialize project's product build option map with build mode 'debug'.
[2025-03-22T18:28:37.035] [DEBUG] debug-file - Product 'default' using build option: {
  "debuggable": true
} in this build.
[2025-03-22T18:28:37.035] [DEBUG] debug-file - not found resModel json file in : /Users/jiangweidong/Desktop/HarmonyOS/study-code/HarmonyOS/quickStudy/entry/src/ohosTest/module.json5
[2025-03-22T18:28:37.043] [DEBUG] debug-file - No signingConfig found, initRemoteHspCache failed.
[2025-03-22T18:28:37.046] [DEBUG] debug-file - Local scan or download HarmonyOS sdk components toolchains,ets,js,native,previewer
[2025-03-22T18:28:37.052] [DEBUG] debug-file - Local scan or download hmscore sdk components toolchains,ets,native
[2025-03-22T18:28:37.057] [DEBUG] debug-file - Start recording SDK configuration permission data.
[2025-03-22T18:28:37.091] [DEBUG] debug-file - Sdk init in 47 ms 
[2025-03-22T18:28:37.106] [DEBUG] debug-file - Project task initialization takes 14 ms 
[2025-03-22T18:28:37.106] [DEBUG] debug-file - hvigorfile, binding custom plugins []
[2025-03-22T18:28:37.106] [DEBUG] debug-file - hvigorfile, no custom plugins were found in /Users/jiangweidong/Desktop/HarmonyOS/study-code/HarmonyOS/quickStudy/hvigorfile.ts
[2025-03-22T18:28:37.106] [DEBUG] debug-file - hvigorfile, resolve finished /Users/jiangweidong/Desktop/HarmonyOS/study-code/HarmonyOS/quickStudy/hvigorfile.ts
[2025-03-22T18:28:37.111] [DEBUG] debug-file - hvigorfile, resolving /Users/jiangweidong/Desktop/HarmonyOS/study-code/HarmonyOS/quickStudy/entry/hvigorfile.ts
[2025-03-22T18:28:37.116] [DEBUG] debug-file - hvigorfile, require result:  { default: { plugins: [] } }
[2025-03-22T18:28:37.116] [DEBUG] debug-file - hvigorfile, binding system plugins null
[2025-03-22T18:28:37.126] [DEBUG] debug-file - Start initialize module-target build option map, moduleName=entry, buildMode=debug
[2025-03-22T18:28:37.127] [DEBUG] debug-file - Target 'default' config: {}
[2025-03-22T18:28:37.127] [DEBUG] debug-file - Target 'ohosTest' config: {}
[2025-03-22T18:28:37.128] [DEBUG] debug-file - Module 'entry' target 'default' build option: {
  "debuggable": true,
  "copyFrom": "default",
  "name": "debug"
}
[2025-03-22T18:28:37.128] [DEBUG] debug-file - Module 'entry' target 'ohosTest' build option: {
  "debuggable": true,
  "name": "default"
}
[2025-03-22T18:28:37.128] [DEBUG] debug-file - End initialize module-target build option map, moduleName=entry
[2025-03-22T18:28:37.128] [DEBUG] debug-file - Module 'entry' target 'default' using build option: {
  "debuggable": true,
  "copyFrom": "default",
  "name": "debug"
} in this build.
[2025-03-22T18:28:37.137] [DEBUG] debug-file - Module entry task initialization takes 7 ms 
[2025-03-22T18:28:37.138] [DEBUG] debug-file - hvigorfile, binding custom plugins []
[2025-03-22T18:28:37.138] [DEBUG] debug-file - hvigorfile, no custom plugins were found in /Users/jiangweidong/Desktop/HarmonyOS/study-code/HarmonyOS/quickStudy/entry/hvigorfile.ts
[2025-03-22T18:28:37.138] [DEBUG] debug-file - hvigorfile, resolve finished /Users/jiangweidong/Desktop/HarmonyOS/study-code/HarmonyOS/quickStudy/entry/hvigorfile.ts
[2025-03-22T18:28:37.222] [DEBUG] debug-file - hvigorfile, resolve hvigorfile dependencies in 82 ms 
[2025-03-22T18:28:37.222] [DEBUG] debug-file - project has submodules:entry
[2025-03-22T18:28:37.223] [DEBUG] debug-file - start to load updatedOhPackageInfo to the disk
[2025-03-22T18:28:37.225] [DEBUG] debug-file - load to the disk finished
[2025-03-22T18:28:37.226] [DEBUG] debug-file - Start to initialize dependency information.
[2025-03-22T18:28:37.227] [DEBUG] debug-file - Module quickStudy Collected Dependency: 
[2025-03-22T18:28:37.227] [DEBUG] debug-file - Module quickStudy's total dependency: 0
[2025-03-22T18:28:37.228] [DEBUG] debug-file - Start to initialize dependency information.
[2025-03-22T18:28:37.229] [DEBUG] debug-file - Module entry Collected Dependency: 
[2025-03-22T18:28:37.229] [DEBUG] debug-file - Module entry's total dependency: 0
[2025-03-22T18:28:37.233] [DEBUG] debug-file - Configuration phase cost:1 s 902 ms 
[2025-03-22T18:28:37.236] [DEBUG] debug-file - Configuration task cost before running: 1 s 921 ms 
[2025-03-22T18:28:37.238] [DEBUG] debug-file - Executing task :entry:clean
[2025-03-22T18:28:37.238] [DEBUG] debug-file - clean: Worker pool is inactive.
[2025-03-22T18:28:37.240] [DEBUG] debug-file - entry : clean cost memory 0.1674957275390625
[2025-03-22T18:28:37.240] [DEBUG] debug-file - runTaskFromQueue task cost before running: 1 s 926 ms 
[2025-03-22T18:28:37.240] [INFO] debug-file - Finished :entry:clean... after 3 ms 
[2025-03-22T18:28:37.240] [DEBUG] debug-file - Executing task ::clean
[2025-03-22T18:28:37.241] [DEBUG] debug-file - clean: Worker pool is inactive.
[2025-03-22T18:28:37.241] [DEBUG] debug-file - quickStudy : clean cost memory 0.0346527099609375
[2025-03-22T18:28:37.241] [DEBUG] debug-file - runTaskFromQueue task cost before running: 1 s 927 ms 
[2025-03-22T18:28:37.241] [INFO] debug-file - Finished ::clean... after 1 ms 
[2025-03-22T18:28:37.241] [DEBUG] debug-file - Executing task :entry:init
[2025-03-22T18:28:37.241] [DEBUG] debug-file - entry : init cost memory 0.013946533203125
[2025-03-22T18:28:37.241] [DEBUG] debug-file - runTaskFromQueue task cost before running: 1 s 927 ms 
[2025-03-22T18:28:37.242] [INFO] debug-file - Finished :entry:init... after 1 ms 
[2025-03-22T18:28:37.242] [DEBUG] debug-file - Executing task ::init
[2025-03-22T18:28:37.242] [DEBUG] debug-file - quickStudy : init cost memory 0.0128631591796875
[2025-03-22T18:28:37.242] [DEBUG] debug-file - runTaskFromQueue task cost before running: 1 s 928 ms 
[2025-03-22T18:28:37.242] [INFO] debug-file - Finished ::init... after 1 ms 
[2025-03-22T18:28:37.248] [DEBUG] debug-file - Module 'entry' target 'default' using build option: {
  "debuggable": true,
  "copyFrom": "default",
  "name": "debug"
} in this build.
[2025-03-22T18:28:37.250] [DEBUG] debug-file - Module 'entry' target 'ohosTest' using build option: {
  "debuggable": true,
  "name": "default"
} in this build.
[2025-03-22T18:28:37.254] [DEBUG] debug-file - Since there is no instance or instance is terminated, create a new worker pool.
[2025-03-22T18:28:37.254] [DEBUG] debug-file - Worker pool is initialized with config:  {
  minPoolNum: 2,
  maxPoolNum: undefined,
  maxCoreSize: undefined,
  cacheCapacity: undefined,
  cacheTtl: undefined
}
[2025-03-22T18:28:37.255] [DEBUG] debug-file - Create  resident worker with id: 0.
[2025-03-22T18:28:37.257] [DEBUG] debug-file - Create  resident worker with id: 1.
[2025-03-22T18:28:37.259] [DEBUG] debug-file - Cleanup worker 0.
[2025-03-22T18:28:37.259] [DEBUG] debug-file - Worker 0 has been cleaned up.
[2025-03-22T18:28:37.259] [DEBUG] debug-file - Current idle worker size: 1.
[2025-03-22T18:28:37.259] [DEBUG] debug-file - Current resident worker size: 2.
[2025-03-22T18:28:37.259] [DEBUG] debug-file - Cleanup worker 1.
[2025-03-22T18:28:37.260] [DEBUG] debug-file - Worker 1 has been cleaned up.
[2025-03-22T18:28:37.260] [DEBUG] debug-file - Current idle worker size: 0.
[2025-03-22T18:28:37.260] [DEBUG] debug-file - Current resident worker size: 2.
[2025-03-22T18:28:37.260] [DEBUG] debug-file - hvigor build process will be closed.
[2025-03-22T18:28:37.373] [DEBUG] debug-file - worker[0] exits with exit code 0.
[2025-03-22T18:28:37.374] [DEBUG] debug-file - worker[1] exits with exit code 0.
[2025-03-22T18:28:37.398] [DEBUG] debug-file - session manager: send message to worker process.
[2025-03-22T18:28:37.398] [DEBUG] debug-file - session manager: send message to worker process.
[2025-03-22T18:28:37.398] [DEBUG] debug-file - watch worker: worker id should be larger than 0. Nothing will be sent to any worker thread.
[2025-03-22T18:28:37.398] [DEBUG] debug-file - watch worker: worker id should be larger than 0. Nothing will be sent to any worker thread.
